android/app/build/outputs/mapping/release/seeds.txt
com.example.harmony_hush.MainActivity
com.example.harmony_hush.MainActivity: MainActivity()
...
com.google.android.gms.internal.measurement.zzhw: boolean zzaQ()
com.google.android.gms.internal.firebase-auth-api.zzabs: java.lang.String zza()
com.google.android.recaptcha.internal.zzbh: java.lang.Object invoke(java.lang.Object,java.lang.Object)
com.google.android.gms.internal.measurement.zzcv: void getAppInstanceId(com.google.android.gms.internal.measurement.zzcy)
com.google.android.gms.internal.measurement.zzhx: void zzaO(com.google.android.gms.internal.measurement.zzhx,java.lang.String)
com.google.android.gms.internal.firebase-auth-api.zzadm: void zzc(java.lang.String)
com.google.android.gms.internal.measurement.zzai: int hashCode()
com.google.android.gms.internal.firebase-auth-api.zzaax: void zza(java.lang.Object)
io.flutter.embedding.engine.FlutterJNI: boolean getIsSoftwareRenderingEnabled()
com.google.android.recaptcha.internal.zzol: void zzK(java.lang.Object,int,int,java.lang.Object)
com.google.android.gms.internal.firebase-auth-api.zzjz: zzjz()
com.google.android.gms.internal.measurement.zzpc: long zzw()
androidx.privacysandbox.ads.adservices.measurement.MeasurementManagerImplCommon: java.lang.Object registerSource$suspendImpl(androidx.privacysandbox.ads.adservices.measurement.MeasurementManagerImplCommon,android.net.Uri,android.view.InputEvent,kotlin.coroutines.Continuation)
com.google.android.gms.internal.measurement.zzak: boolean hasNext()
com.google.android.gms.internal.firebase-auth-api.zzabj: void zza(java.lang.String)
kotlin.coroutines.jvm.internal.ContinuationImpl: kotlin.coroutines.CoroutineContext getContext()
com.google.android.gms.internal.firebase-auth-api.zzagz: long zza()
com.google.android.recaptcha.internal.zzer: java.lang.Object invokeSuspend(java.lang.Object)
com.google.android.gms.internal.base.zaj: android.graphics.drawable.Drawable newDrawable()
com.google.android.gms.internal.firebase-auth-api.zzaec: void zza(com.google.android.gms.internal.firebase-auth-api.zzaga,com.google.android.gms.internal.firebase-auth-api.zzaew)
com.google.android.gms.measurement.internal.AppMeasurementDynamiteService: void setUserProperty(java.lang.String,java.lang.String,com.google.android.gms.dynamic.IObjectWrapper,boolean,long)
kotlin.jvm.internal.FunctionReference: boolean isOperator()
com.google.android.play.core.integrity.ap: com.google.android.play.core.integrity.ap a(com.google.android.play.core.integrity.y)
com.google.android.gms.internal.firebase-auth-api.zzaj: com.google.android.gms.internal.firebase-auth-api.zzaj zzb(java.lang.Object[])
com.google.android.gms.internal.firebase-auth-api.zzbf: zzbf()
com.google.android.gms.internal.firebase-auth-api.zzbq: java.lang.String toString()
com.google.android.recaptcha.internal.zzln: zzln(com.google.android.recaptcha.internal.zzlm)
com.google.android.gms.internal.measurement.zzav: com.google.android.gms.internal.measurement.zzap zza(java.lang.String,com.google.android.gms.internal.measurement.zzg,java.util.List)
com.google.android.gms.internal.measurement.zzh: java.lang.Object zzf(com.google.android.gms.internal.measurement.zzap)
com.google.android.gms.internal.firebase-auth-api.zzagy: com.google.android.gms.internal.firebase-auth-api.zzagx zzb(java.lang.String)
com.google.android.gms.internal.measurement.zzhx: long zzv()
androidx.core.app.AppOpsManagerCompat$Api23Impl: java.lang.String permissionToOp(java.lang.String)
com.google.android.recaptcha.internal.zzsh: zzsh(com.google.android.recaptcha.internal.zzsn)
com.google.android.gms.tasks.zzj: com.google.android.gms.tasks.OnCompleteListener zza(com.google.android.gms.tasks.zzj)
com.google.android.gms.internal.firebase-auth-api.zzit$zzb: com.google.android.gms.internal.firebase-auth-api.zzit$zzb zza(com.google.android.gms.internal.firebase-auth-api.zzit$zza)
androidx.core.view.WindowInsetsCompat$BuilderImpl20: androidx.core.view.WindowInsetsCompat build()
com.google.android.gms.tasks.zzh: void zzc()
com.google.android.gms.internal.firebase-auth-api.zzajo: void zzk(int,int)