android/app/build/outputs/mapping/release/usage.txt
com.example.harmony_hush.R$drawable
com.example.harmony_hush.R$mipmap
com.example.harmony_hush.R$string
com.example.harmony_hush.R$style
com.example.harmony_hush.R
...
com.google.android.gms.common.api.internal.zaar
com.google.android.gms.common.api.internal.zaas
com.google.android.gms.common.api.internal.zaat
com.google.android.gms.common.api.internal.zaau
com.google.android.gms.common.api.internal.zaav
com.google.android.gms.common.api.internal.zaaw
com.google.android.gms.common.api.internal.zaax
com.google.android.gms.common.api.internal.zaay
com.google.android.gms.common.api.internal.zaaz
com.google.android.gms.common.api.internal.zab
com.google.android.gms.common.api.internal.zaba
com.google.android.gms.common.api.internal.zabb
com.google.android.gms.common.api.internal.zabc
com.google.android.gms.common.api.internal.zabd
com.google.android.gms.common.api.internal.zabe
com.google.android.gms.common.api.internal.zabf
com.google.android.gms.common.api.internal.zabg
com.google.android.gms.common.api.internal.zabh
com.google.android.gms.common.api.internal.zabi
com.google.android.gms.common.api.internal.zabj
com.google.android.gms.common.api.internal.zabq:
    public final void zaa(com.google.android.gms.common.ConnectionResult,com.google.android.gms.common.api.Api,boolean)
com.google.android.gms.common.api.internal.zaby:
    public final void onResult(com.google.android.gms.common.api.Status)
com.google.android.gms.common.api.internal.zabz
com.google.android.gms.common.api.internal.zaca
com.google.android.gms.common.api.internal.zacb
com.google.android.gms.common.api.internal.zacc
com.google.android.gms.common.api.internal.zacf
com.google.android.gms.common.api.internal.zacg
com.google.android.gms.common.api.internal.zacj
com.google.android.gms.common.api.internal.zack
com.google.android.gms.common.api.internal.zacl
com.google.android.gms.common.api.internal.zacm
com.google.android.gms.common.api.internal.zacn
com.google.android.gms.common.api.internal.zacp:
    private final com.google.android.gms.common.api.Status zaa
    public void <init>(com.google.android.gms.common.api.Status)
    public final void addStatusListener(com.google.android.gms.common.api.PendingResult$StatusListener)
    public final com.google.android.gms.common.api.Result await()
    public final com.google.android.gms.common.api.Result await(long,java.util.concurrent.TimeUnit)
    public final void cancel()
    public final boolean isCanceled()
    public final void setResultCallback(com.google.android.gms.common.api.ResultCallback)
    public final void setResultCallback(com.google.android.gms.common.api.ResultCallback,long,java.util.concurrent.TimeUnit)
    public final com.google.android.gms.common.api.TransformedResult then(com.google.android.gms.common.api.ResultTransform)
com.google.android.gms.common.api.internal.zacu
com.google.android.gms.common.api.internal.zacx
com.google.android.gms.common.api.internal.zad:
    public void zag(com.google.android.gms.common.api.internal.zaad,boolean)
com.google.android.gms.common.api.internal.zada:
    public final void andFinally(com.google.android.gms.common.api.ResultCallbacks)
    final void zah()
com.google.android.gms.common.api.internal.zadb:
    void <init>(com.google.android.gms.common.api.internal.zadc)
com.google.android.gms.common.api.internal.zadc:
    public static final com.google.android.gms.common.api.Status zaa
    private final com.google.android.gms.common.api.internal.zadb zac
    static void <clinit>()
    public void <init>()
    final void zaa(com.google.android.gms.common.api.internal.BasePendingResult)
    public final void zab()
com.google.android.gms.common.api.internal.zaj
com.google.android.gms.common.api.internal.zak
com.google.android.gms.common.api.internal.zal:
    private final androidx.collection.ArrayMap zaa
    private final androidx.collection.ArrayMap zab
    private final com.google.android.gms.tasks.TaskCompletionSource zac
    private int zad
    private boolean zae
    public void <init>(java.lang.Iterable)
    public final com.google.android.gms.tasks.Task zaa()
com.google.android.gms.common.api.internal.zat